[INFO  - 2016-10-16T15:10:41.212Z] GhostDriver - Main - running on port 46818
[INFO  - 2016-10-16T15:10:41.536Z] Session [b408b4b0-93b2-11e6-92b5-8d85ea256931] - page.settings - {"XSSAuditingEnabled":false,"javascriptCanCloseWindows":true,"javascriptCanOpenWindows":true,"javascriptEnabled":true,"loadImages":true,"localToRemoteUrlAccessEnabled":false,"userAgent":"Mozilla/5.0 (Macintosh; Intel Mac OS X) AppleWebKit/538.1 (KHTML, like Gecko) PhantomJS/2.1.1 Safari/538.1","webSecurityEnabled":true}
[INFO  - 2016-10-16T15:10:41.536Z] Session [b408b4b0-93b2-11e6-92b5-8d85ea256931] - page.customHeaders:  - {}
[INFO  - 2016-10-16T15:10:41.536Z] Session [b408b4b0-93b2-11e6-92b5-8d85ea256931] - Session.negotiatedCapabilities - {"browserName":"phantomjs","version":"2.1.1","driverName":"ghostdriver","driverVersion":"1.2.0","platform":"mac-10.11 (El Capitan)-64bit","javascriptEnabled":true,"takesScreenshot":true,"handlesAlerts":false,"databaseEnabled":false,"locationContextEnabled":false,"applicationCacheEnabled":false,"browserConnectionEnabled":false,"cssSelectorsEnabled":true,"webStorageEnabled":false,"rotatable":false,"acceptSslCerts":false,"nativeEvents":true,"proxy":{"proxyType":"direct"}}
[INFO  - 2016-10-16T15:10:41.536Z] SessionManagerReqHand - _postNewSessionCommand - New Session Created: b408b4b0-93b2-11e6-92b5-8d85ea256931
[INFO  - 2016-10-16T15:10:48.513Z] ShutdownReqHand - _handle - About to shutdown
[INFO  - 2016-10-16T15:12:03.112Z] GhostDriver - Main - running on port 4245
[INFO  - 2016-10-16T15:12:03.337Z] Session [e4cab350-93b2-11e6-8ed8-270aecffb148] - page.settings - {"XSSAuditingEnabled":false,"javascriptCanCloseWindows":true,"javascriptCanOpenWindows":true,"javascriptEnabled":true,"loadImages":true,"localToRemoteUrlAccessEnabled":false,"userAgent":"Mozilla/5.0 (Macintosh; Intel Mac OS X) AppleWebKit/538.1 (KHTML, like Gecko) PhantomJS/2.1.1 Safari/538.1","webSecurityEnabled":true}
[INFO  - 2016-10-16T15:12:03.337Z] Session [e4cab350-93b2-11e6-8ed8-270aecffb148] - page.customHeaders:  - {}
[INFO  - 2016-10-16T15:12:03.337Z] Session [e4cab350-93b2-11e6-8ed8-270aecffb148] - Session.negotiatedCapabilities - {"browserName":"phantomjs","version":"2.1.1","driverName":"ghostdriver","driverVersion":"1.2.0","platform":"mac-10.11 (El Capitan)-64bit","javascriptEnabled":true,"takesScreenshot":true,"handlesAlerts":false,"databaseEnabled":false,"locationContextEnabled":false,"applicationCacheEnabled":false,"browserConnectionEnabled":false,"cssSelectorsEnabled":true,"webStorageEnabled":false,"rotatable":false,"acceptSslCerts":false,"nativeEvents":true,"proxy":{"proxyType":"direct"}}
[INFO  - 2016-10-16T15:12:03.337Z] SessionManagerReqHand - _postNewSessionCommand - New Session Created: e4cab350-93b2-11e6-8ed8-270aecffb148
[INFO  - 2016-10-16T15:12:09.506Z] ShutdownReqHand - _handle - About to shutdown
[INFO  - 2016-10-16T15:12:57.430Z] GhostDriver - Main - running on port 27869
[INFO  - 2016-10-16T15:12:57.658Z] Session [052b6d60-93b3-11e6-9529-e35c2946da0b] - page.settings - {"XSSAuditingEnabled":false,"javascriptCanCloseWindows":true,"javascriptCanOpenWindows":true,"javascriptEnabled":true,"loadImages":true,"localToRemoteUrlAccessEnabled":false,"userAgent":"Mozilla/5.0 (Macintosh; Intel Mac OS X) AppleWebKit/538.1 (KHTML, like Gecko) PhantomJS/2.1.1 Safari/538.1","webSecurityEnabled":true}
[INFO  - 2016-10-16T15:12:57.658Z] Session [052b6d60-93b3-11e6-9529-e35c2946da0b] - page.customHeaders:  - {}
[INFO  - 2016-10-16T15:12:57.658Z] Session [052b6d60-93b3-11e6-9529-e35c2946da0b] - Session.negotiatedCapabilities - {"browserName":"phantomjs","version":"2.1.1","driverName":"ghostdriver","driverVersion":"1.2.0","platform":"mac-10.11 (El Capitan)-64bit","javascriptEnabled":true,"takesScreenshot":true,"handlesAlerts":false,"databaseEnabled":false,"locationContextEnabled":false,"applicationCacheEnabled":false,"browserConnectionEnabled":false,"cssSelectorsEnabled":true,"webStorageEnabled":false,"rotatable":false,"acceptSslCerts":false,"nativeEvents":true,"proxy":{"proxyType":"direct"}}
[INFO  - 2016-10-16T15:12:57.658Z] SessionManagerReqHand - _postNewSessionCommand - New Session Created: 052b6d60-93b3-11e6-9529-e35c2946da0b
[INFO  - 2016-10-16T15:13:02.905Z] ShutdownReqHand - _handle - About to shutdown
[INFO  - 2016-10-16T15:16:46.014Z] GhostDriver - Main - running on port 2780
[INFO  - 2016-10-16T15:16:46.262Z] Session [8d6da120-93b3-11e6-835d-8dd971797706] - page.settings - {"XSSAuditingEnabled":false,"javascriptCanCloseWindows":true,"javascriptCanOpenWindows":true,"javascriptEnabled":true,"loadImages":true,"localToRemoteUrlAccessEnabled":false,"userAgent":"Mozilla/5.0 (Macintosh; Intel Mac OS X) AppleWebKit/538.1 (KHTML, like Gecko) PhantomJS/2.1.1 Safari/538.1","webSecurityEnabled":true}
[INFO  - 2016-10-16T15:16:46.262Z] Session [8d6da120-93b3-11e6-835d-8dd971797706] - page.customHeaders:  - {}
[INFO  - 2016-10-16T15:16:46.262Z] Session [8d6da120-93b3-11e6-835d-8dd971797706] - Session.negotiatedCapabilities - {"browserName":"phantomjs","version":"2.1.1","driverName":"ghostdriver","driverVersion":"1.2.0","platform":"mac-10.11 (El Capitan)-64bit","javascriptEnabled":true,"takesScreenshot":true,"handlesAlerts":false,"databaseEnabled":false,"locationContextEnabled":false,"applicationCacheEnabled":false,"browserConnectionEnabled":false,"cssSelectorsEnabled":true,"webStorageEnabled":false,"rotatable":false,"acceptSslCerts":false,"nativeEvents":true,"proxy":{"proxyType":"direct"}}
[INFO  - 2016-10-16T15:16:46.262Z] SessionManagerReqHand - _postNewSessionCommand - New Session Created: 8d6da120-93b3-11e6-835d-8dd971797706
[INFO  - 2016-10-16T15:16:53.401Z] ShutdownReqHand - _handle - About to shutdown
